--------------------------------------------------------------------------------------------------------------------------------------------------------------------------------
      name:  <unnamed>
       log:  C:\Users\wooldri1\Dropbox\nonlinear_did\simulations\did_simulate_T2_exponential_nocov_20211229_1.log
  log type:  text
 opened on:  29 Dec 2021, 12:44:07

. 
. set seed 123

. 
. global nobs = 1000

. global tobs = 2

. global iter = 1000

. 
. set obs $nobs
Number of observations (_N) was 0, now 1,000.

. gen id =_n

. expand $tobs
(1,000 observations created)

. bysort id: gen year = _n + 2000

. gen f02 = year == 2002

. 
. gen c = sqrt(2)*rnormal(0,1)

. bysort id: replace c = c[1]
(1000 real changes made)

. 
. gen e0 = sqrt(2)*rnormal(0,1)

. gen e1 = sqrt(2)*rnormal(0,1)

. 
. gen u0 = (c + e0)/2

. gen u1 = (c + e1)/2

. 
. 
. gen trt = -.3 + rlogistic(0,1) > 0

. bysort id: gen d = trt[1]

. drop trt

. 
. gen y0star = .4*f02 - 2*d + u0

. gen y1star = y0star

. replace y1star = .2 + y0star + u1 if f02
(1,000 real changes made)

. 
. gen y0 = rpoisson(exp(y0star))

. gen y1 = rpoisson(exp(y1star))

. 
. sum y0 y1 d

    Variable |        Obs        Mean    Std. dev.       Min        Max
-------------+---------------------------------------------------------
          y0 |      2,000      1.2875    2.408473          0         33
          y1 |      2,000      2.9845    11.41124          0        222
           d |      2,000        .436    .4960111          0          1

. 
. gen te_i = y1 - y0 if f02
(1,000 missing values generated)

. sum te_i if d & f02

    Variable |        Obs        Mean    Std. dev.       Min        Max
-------------+---------------------------------------------------------
        te_i |        436    .6077982    2.158082         -3         28

. 
. * Observed outcome:
. gen y = (1 - d)*y0 + d*y1

. 
. * Generate time-varying treatment indicator for common intervention:
. gen w = d*f02

.         
. xtset id year

Panel variable: id (strongly balanced)
 Time variable: year, 2001 to 2002
         Delta: 1 unit

. 
. * Linear model, POLS:
. 
. reg y c.d#c.f02 f02 d, vce(cluster id)

Linear regression                               Number of obs     =      2,000
                                                F(3, 999)         =     126.16
                                                Prob > F          =     0.0000
                                                R-squared         =     0.0986
                                                Root MSE          =      2.468

                                 (Std. err. adjusted for 1,000 clusters in id)
------------------------------------------------------------------------------
             |               Robust
           y | Coefficient  std. err.      t    P>|t|     [95% conf. interval]
-------------+----------------------------------------------------------------
   c.d#c.f02 |   .0493201   .1853506     0.27   0.790    -.3144011    .4130412
             |
         f02 |   .7304965   .1464251     4.99   0.000     .4431603    1.017833
           d |  -1.483083     .10149   -14.61   0.000    -1.682241   -1.283925
       _cons |   1.682624    .098814    17.03   0.000     1.488717    1.876531
------------------------------------------------------------------------------

.         
. * Exponential mean, Poisson QMLE:
. 
. poisson y i.w#c.d#c.f02 f02 d, vce(cluster id) noomitted
note: 0.w#c.d#c.f02 omitted because of collinearity.

Iteration 0:   log pseudolikelihood = -3775.4835  
Iteration 1:   log pseudolikelihood = -3770.0469  
Iteration 2:   log pseudolikelihood = -3770.0372  
Iteration 3:   log pseudolikelihood = -3770.0372  

Poisson regression                                      Number of obs =  2,000
                                                        Wald chi2(3)  = 367.77
                                                        Prob > chi2   = 0.0000
Log pseudolikelihood = -3770.0372                       Pseudo R2     = 0.1312

                                 (Std. err. adjusted for 1,000 clusters in id)
------------------------------------------------------------------------------
             |               Robust
           y | Coefficient  std. err.      z    P>|z|     [95% conf. interval]
-------------+----------------------------------------------------------------
 w#c.d#c.f02 |
          1  |    1.23031   .1682256     7.31   0.000     .9005935    1.560026
             |
         f02 |   .3605662   .0692452     5.21   0.000      .224848    .4962844
           d |  -2.132089   .1299441   -16.41   0.000    -2.386774   -1.877403
       _cons |   .5203545    .058682     8.87   0.000     .4053399    .6353692
------------------------------------------------------------------------------

. margins, dydx(w) at(d = 1 f02 = 1) noestimcheck post

Conditional marginal effects                             Number of obs = 2,000
Model VCE: Robust

Expression: Predicted number of events, predict()
dy/dx wrt:  1.w
At: d   = 1
    f02 = 1

------------------------------------------------------------------------------
             |            Delta-method
             |      dy/dx   std. err.      z    P>|z|     [95% conf. interval]
-------------+----------------------------------------------------------------
         1.w |   .6931874   .1164155     5.95   0.000     .4650172    .9213576
------------------------------------------------------------------------------
Note: dy/dx for factor levels is the discrete change from the base level.

. 
. capture program drop did_2

. 
. program did_2, rclass
  1. drop _all
  2. 
. set obs $nobs
  3. gen id =_n
  4. expand $tobs
  5. 
. bysort id: gen year = _n + 2000
  6. gen f02 = year == 2002
  7. 
. xtset id year
  8. 
. gen c = sqrt(2)*rnormal(0,1)
  9. bysort id: replace c = c[1]
 10. 
. gen e0 = sqrt(2)*rnormal(0,1)
 11. gen e1 = sqrt(2)*rnormal(0,1)
 12. 
. gen u0 = (c + e0)/2
 13. gen u1 = (c + e1)/2
 14. 
. gen trt = -.4 + rlogistic(0,1) > 0
 15. bysort id: gen d = trt[1]
 16. drop trt
 17. 
. gen y0star = .4*f02 - 2*d + u0
 18. gen y1star = y0star
 19. replace y1star = .2 + y0star + u1 if f02
 20. 
. gen y0 = rpoisson(exp(y0star))
 21. gen y1 = rpoisson(exp(y1star))
 22. 
. sum y0
 23. return scalar y0_mean = r(mean)
 24. sum y1
 25. return scalar y1_mean = r(mean)
 26. 
. sum d
 27. return scalar d_p = r(mean)
 28. 
. gen te = y1 - y0 if f02
 29. sum te if d & f02
 30. return scalar att = r(mean)
 31. 
. * Observed outcome:
.         gen y = (1 - d)*y0 + d*y1
 32. 
. * Generate time-varying treatment indicator for common intervention:
.         gen w = d*f02
 33.         
. * Linear, POLS:
.         reg y c.d#c.f02 f02 d
 34.         return scalar att_linear = _b[c.d#c.f02]
 35.         
. * Exponential, pooled QMLE:
.         poisson y i.w#c.d#c.f02 f02 d, noomitted
 36.         margins, dydx(w) at(d = 1 f02 = 1) noestimcheck post
 37.         return scalar att_poisson = _b[1.w]
 38. 
. end

. 
. set seed 123

. 
. simulate r(att) r(att_linear) r(att_poisson) r(d_p) r(y0_mean) r(y1_mean), reps($iter): did_2

      Command: did_2
       _sim_1: r(att)
       _sim_2: r(att_linear)
       _sim_3: r(att_poisson)
       _sim_4: r(d_p)
       _sim_5: r(y0_mean)
       _sim_6: r(y1_mean)

Simulations (1,000)
----+--- 1 ---+--- 2 ---+--- 3 ---+--- 4 ---+--- 5 
..................................................    50
..................................................   100
..................................................   150
..................................................   200
..................................................   250
..................................................   300
..................................................   350
..................................................   400
..................................................   450
..................................................   500
..................................................   550
..................................................   600
..................................................   650
..................................................   700
..................................................   750
..................................................   800
..................................................   850
..................................................   900
..................................................   950
.................................................. 1,000

. 
. sum, sep(3)

    Variable |        Obs        Mean    Std. dev.       Min        Max
-------------+---------------------------------------------------------
      _sim_1 |      1,000    .7703254    .2274547   .3540052   2.376443
      _sim_2 |      1,000    .0732538    .2850102  -.6200317    1.75008
      _sim_3 |      1,000    .7704271    .2405215   .2908629   2.471368
-------------+---------------------------------------------------------
      _sim_4 |      1,000     .400166    .0155634       .352       .449
      _sim_5 |      1,000    1.343506    .0669653      1.158      1.567
      _sim_6 |      1,000    3.210137     .447851     2.3175      6.648

.         
. log close
      name:  <unnamed>
       log:  C:\Users\wooldri1\Dropbox\nonlinear_did\simulations\did_simulate_T2_exponential_nocov_20211229_1.log
  log type:  text
 closed on:  29 Dec 2021, 12:47:41
--------------------------------------------------------------------------------------------------------------------------------------------------------------------------------
